2020-02-18 19:11:03,161 :: INFO :: {'logger': <sweet.common.logging.Logger object at 0x7fc470419438>, 'models_dir': PosixPath('target/notebook/run_18-02-2020_19_11_03/models_checkpoints'), 'run_target_dir': PosixPath('target/notebook/run_18-02-2020_19_11_03'), 'targets': {'output_dir': PosixPath('target/notebook'), 'models_dir': 'models_checkpoints', 'logs_dir': 'logs', 'tb_dir': 'tb_events'}, 'log_interval': 1, 'model_checkpoint_freq': 100000.0, 'replay_buffer': 2000, 'epsilon_decay': 0.995, 'epsilon_min': 0.01, 'epsilon': 1.0, 'gamma': 0.95, 'lr': 0.0003, 'total_timesteps': 1000.0, 'model': <tensorflow.python.keras.engine.training.Model object at 0x7fc470485d30>, 'env_name': 'CartPole-v0', 'ml_platform': <class 'sweet.interface.tf.tf_platform.TFPlatform'>}
2020-02-18 19:11:03,547 :: INFO :: Update
2020-02-18 19:11:03,548 :: INFO :: total_timesteps=45
2020-02-18 19:11:03,550 :: INFO :: FPS=121
2020-02-18 19:11:03,552 :: INFO :: Mean rewards=45.0
2020-02-18 19:11:03,554 :: INFO :: Mean episode length=45.0
2020-02-18 19:11:03,556 :: INFO :: Time elapsed=0:00:00.369443
2020-02-18 19:11:03,558 :: INFO :: ETA=0:00:07.892562
2020-02-18 19:11:03,678 :: INFO :: Update
2020-02-18 19:11:03,679 :: INFO :: total_timesteps=60
2020-02-18 19:11:03,682 :: INFO :: FPS=120
2020-02-18 19:11:03,684 :: INFO :: Mean rewards=15.0
2020-02-18 19:11:03,688 :: INFO :: Mean episode length=15.0
2020-02-18 19:11:03,690 :: INFO :: Time elapsed=0:00:00.499914
2020-02-18 19:11:03,691 :: INFO :: ETA=0:00:07.833333
2020-02-18 19:11:03,867 :: INFO :: Update
2020-02-18 19:11:03,868 :: INFO :: total_timesteps=85
2020-02-18 19:11:03,870 :: INFO :: FPS=123
2020-02-18 19:11:03,872 :: INFO :: Mean rewards=25.0
2020-02-18 19:11:03,874 :: INFO :: Mean episode length=25.0
2020-02-18 19:11:03,875 :: INFO :: Time elapsed=0:00:00.689265
2020-02-18 19:11:03,876 :: INFO :: ETA=0:00:07.439024
2020-02-18 19:11:03,971 :: INFO :: Update
2020-02-18 19:11:03,972 :: INFO :: total_timesteps=97
2020-02-18 19:11:03,974 :: INFO :: FPS=122
2020-02-18 19:11:03,976 :: INFO :: Mean rewards=12.0
2020-02-18 19:11:03,977 :: INFO :: Mean episode length=12.0
2020-02-18 19:11:03,979 :: INFO :: Time elapsed=0:00:00.793331
2020-02-18 19:11:03,979 :: INFO :: ETA=0:00:07.401639
2020-02-18 19:11:04,089 :: INFO :: Update
2020-02-18 19:11:04,090 :: INFO :: total_timesteps=112
2020-02-18 19:11:04,092 :: INFO :: FPS=122
2020-02-18 19:11:04,093 :: INFO :: Mean rewards=15.0
2020-02-18 19:11:04,095 :: INFO :: Mean episode length=15.0
2020-02-18 19:11:04,096 :: INFO :: Time elapsed=0:00:00.911183
2020-02-18 19:11:04,097 :: INFO :: ETA=0:00:07.278689
2020-02-18 19:11:04,344 :: INFO :: Update
2020-02-18 19:11:04,346 :: INFO :: total_timesteps=146
2020-02-18 19:11:04,348 :: INFO :: FPS=125
2020-02-18 19:11:04,350 :: INFO :: Mean rewards=34.0
2020-02-18 19:11:04,352 :: INFO :: Mean episode length=34.0
2020-02-18 19:11:04,354 :: INFO :: Time elapsed=0:00:01.166242
2020-02-18 19:11:04,355 :: INFO :: ETA=0:00:06.832000
2020-02-18 19:11:04,421 :: INFO :: Update
2020-02-18 19:11:04,422 :: INFO :: total_timesteps=154
2020-02-18 19:11:04,423 :: INFO :: FPS=123
2020-02-18 19:11:04,424 :: INFO :: Mean rewards=8.0
2020-02-18 19:11:04,426 :: INFO :: Mean episode length=8.0
2020-02-18 19:11:04,427 :: INFO :: Time elapsed=0:00:01.242720
2020-02-18 19:11:04,429 :: INFO :: ETA=0:00:06.878049
2020-02-18 19:11:04,505 :: INFO :: Update
2020-02-18 19:11:04,506 :: INFO :: total_timesteps=166
2020-02-18 19:11:04,508 :: INFO :: FPS=125
2020-02-18 19:11:04,510 :: INFO :: Mean rewards=12.0
2020-02-18 19:11:04,511 :: INFO :: Mean episode length=12.0
2020-02-18 19:11:04,513 :: INFO :: Time elapsed=0:00:01.326808
2020-02-18 19:11:04,514 :: INFO :: ETA=0:00:06.672000
2020-02-18 19:11:04,582 :: INFO :: Update
2020-02-18 19:11:04,584 :: INFO :: total_timesteps=176
2020-02-18 19:11:04,586 :: INFO :: FPS=125
2020-02-18 19:11:04,588 :: INFO :: Mean rewards=10.0
2020-02-18 19:11:04,590 :: INFO :: Mean episode length=10.0
2020-02-18 19:11:04,594 :: INFO :: Time elapsed=0:00:01.403992
2020-02-18 19:11:04,595 :: INFO :: ETA=0:00:06.592000
2020-02-18 19:11:04,669 :: INFO :: Update
2020-02-18 19:11:04,670 :: INFO :: total_timesteps=187
2020-02-18 19:11:04,672 :: INFO :: FPS=125
2020-02-18 19:11:04,674 :: INFO :: Mean rewards=11.0
2020-02-18 19:11:04,675 :: INFO :: Mean episode length=11.0
2020-02-18 19:11:04,677 :: INFO :: Time elapsed=0:00:01.491640
2020-02-18 19:11:04,678 :: INFO :: ETA=0:00:06.504000
2020-02-18 19:11:04,758 :: INFO :: Update
2020-02-18 19:11:04,759 :: INFO :: total_timesteps=198
2020-02-18 19:11:04,761 :: INFO :: FPS=125
2020-02-18 19:11:04,762 :: INFO :: Mean rewards=11.0
2020-02-18 19:11:04,764 :: INFO :: Mean episode length=11.0
2020-02-18 19:11:04,766 :: INFO :: Time elapsed=0:00:01.579982
2020-02-18 19:11:04,767 :: INFO :: ETA=0:00:06.416000
2020-02-18 19:11:04,887 :: INFO :: Update
2020-02-18 19:11:04,888 :: INFO :: total_timesteps=216
2020-02-18 19:11:04,890 :: INFO :: FPS=126
2020-02-18 19:11:04,891 :: INFO :: Mean rewards=18.0
2020-02-18 19:11:04,893 :: INFO :: Mean episode length=18.0
2020-02-18 19:11:04,894 :: INFO :: Time elapsed=0:00:01.708855
2020-02-18 19:11:04,895 :: INFO :: ETA=0:00:06.222222
2020-02-18 19:11:05,049 :: INFO :: Update
2020-02-18 19:11:05,050 :: INFO :: total_timesteps=238
2020-02-18 19:11:05,053 :: INFO :: FPS=127
2020-02-18 19:11:05,055 :: INFO :: Mean rewards=22.0
2020-02-18 19:11:05,057 :: INFO :: Mean episode length=22.0
2020-02-18 19:11:05,059 :: INFO :: Time elapsed=0:00:01.870826
2020-02-18 19:11:05,060 :: INFO :: ETA=0:00:06
2020-02-18 19:11:05,258 :: INFO :: Update
2020-02-18 19:11:05,259 :: INFO :: total_timesteps=269
2020-02-18 19:11:05,262 :: INFO :: FPS=129
2020-02-18 19:11:05,263 :: INFO :: Mean rewards=31.0
2020-02-18 19:11:05,265 :: INFO :: Mean episode length=31.0
2020-02-18 19:11:05,267 :: INFO :: Time elapsed=0:00:02.080474
2020-02-18 19:11:05,268 :: INFO :: ETA=0:00:05.666667
2020-02-18 19:11:05,844 :: INFO :: Update
2020-02-18 19:11:05,846 :: INFO :: total_timesteps=364
2020-02-18 19:11:05,848 :: INFO :: FPS=136
2020-02-18 19:11:05,850 :: INFO :: Mean rewards=95.0
2020-02-18 19:11:05,852 :: INFO :: Mean episode length=95.0
2020-02-18 19:11:05,854 :: INFO :: Time elapsed=0:00:02.666096
2020-02-18 19:11:05,855 :: INFO :: ETA=0:00:04.676471
2020-02-18 19:11:06,140 :: INFO :: Update
2020-02-18 19:11:06,141 :: INFO :: total_timesteps=408
2020-02-18 19:11:06,143 :: INFO :: FPS=137
2020-02-18 19:11:06,144 :: INFO :: Mean rewards=44.0
2020-02-18 19:11:06,146 :: INFO :: Mean episode length=44.0
2020-02-18 19:11:06,147 :: INFO :: Time elapsed=0:00:02.961745
2020-02-18 19:11:06,148 :: INFO :: ETA=0:00:04.321168
2020-02-18 19:11:06,269 :: INFO :: Update
2020-02-18 19:11:06,270 :: INFO :: total_timesteps=427
2020-02-18 19:11:06,272 :: INFO :: FPS=138
2020-02-18 19:11:06,274 :: INFO :: Mean rewards=19.0
2020-02-18 19:11:06,275 :: INFO :: Mean episode length=19.0
2020-02-18 19:11:06,277 :: INFO :: Time elapsed=0:00:03.091526
2020-02-18 19:11:06,277 :: INFO :: ETA=0:00:04.152174
2020-02-18 19:11:06,402 :: INFO :: Update
2020-02-18 19:11:06,403 :: INFO :: total_timesteps=446
2020-02-18 19:11:06,405 :: INFO :: FPS=138
2020-02-18 19:11:06,406 :: INFO :: Mean rewards=19.0
2020-02-18 19:11:06,407 :: INFO :: Mean episode length=19.0
2020-02-18 19:11:06,409 :: INFO :: Time elapsed=0:00:03.224483
2020-02-18 19:11:06,409 :: INFO :: ETA=0:00:04.014493
2020-02-18 19:11:06,470 :: INFO :: Update
2020-02-18 19:11:06,472 :: INFO :: total_timesteps=455
2020-02-18 19:11:06,475 :: INFO :: FPS=138
2020-02-18 19:11:06,476 :: INFO :: Mean rewards=9.0
2020-02-18 19:11:06,477 :: INFO :: Mean episode length=9.0
2020-02-18 19:11:06,478 :: INFO :: Time elapsed=0:00:03.292410
2020-02-18 19:11:06,479 :: INFO :: ETA=0:00:03.949275
2020-02-18 19:11:06,538 :: INFO :: Update
2020-02-18 19:11:06,539 :: INFO :: total_timesteps=463
2020-02-18 19:11:06,541 :: INFO :: FPS=137
2020-02-18 19:11:06,542 :: INFO :: Mean rewards=8.0
2020-02-18 19:11:06,544 :: INFO :: Mean episode length=8.0
2020-02-18 19:11:06,545 :: INFO :: Time elapsed=0:00:03.360224
2020-02-18 19:11:06,546 :: INFO :: ETA=0:00:03.919708
2020-02-18 19:11:06,614 :: INFO :: Update
2020-02-18 19:11:06,616 :: INFO :: total_timesteps=472
2020-02-18 19:11:06,618 :: INFO :: FPS=137
2020-02-18 19:11:06,620 :: INFO :: Mean rewards=9.0
2020-02-18 19:11:06,622 :: INFO :: Mean episode length=9.0
2020-02-18 19:11:06,624 :: INFO :: Time elapsed=0:00:03.435789
2020-02-18 19:11:06,625 :: INFO :: ETA=0:00:03.854015
2020-02-18 19:11:06,700 :: INFO :: Update
2020-02-18 19:11:06,702 :: INFO :: total_timesteps=482
2020-02-18 19:11:06,705 :: INFO :: FPS=136
2020-02-18 19:11:06,708 :: INFO :: Mean rewards=10.0
2020-02-18 19:11:06,711 :: INFO :: Mean episode length=10.0
2020-02-18 19:11:06,714 :: INFO :: Time elapsed=0:00:03.522377
2020-02-18 19:11:06,714 :: INFO :: ETA=0:00:03.808824
2020-02-18 19:11:06,806 :: INFO :: Update
2020-02-18 19:11:06,808 :: INFO :: total_timesteps=494
2020-02-18 19:11:06,810 :: INFO :: FPS=136
2020-02-18 19:11:06,813 :: INFO :: Mean rewards=12.0
2020-02-18 19:11:06,814 :: INFO :: Mean episode length=12.0
2020-02-18 19:11:06,816 :: INFO :: Time elapsed=0:00:03.628558
2020-02-18 19:11:06,817 :: INFO :: ETA=0:00:03.720588
2020-02-18 19:11:06,905 :: INFO :: Update
2020-02-18 19:11:06,906 :: INFO :: total_timesteps=506
2020-02-18 19:11:06,909 :: INFO :: FPS=135
2020-02-18 19:11:06,911 :: INFO :: Mean rewards=12.0
2020-02-18 19:11:06,914 :: INFO :: Mean episode length=12.0
2020-02-18 19:11:06,915 :: INFO :: Time elapsed=0:00:03.726945
2020-02-18 19:11:06,916 :: INFO :: ETA=0:00:03.659259
2020-02-18 19:11:07,001 :: INFO :: Update
2020-02-18 19:11:07,002 :: INFO :: total_timesteps=517
2020-02-18 19:11:07,004 :: INFO :: FPS=135
2020-02-18 19:11:07,006 :: INFO :: Mean rewards=11.0
2020-02-18 19:11:07,007 :: INFO :: Mean episode length=11.0
2020-02-18 19:11:07,009 :: INFO :: Time elapsed=0:00:03.822906
2020-02-18 19:11:07,010 :: INFO :: ETA=0:00:03.577778
2020-02-18 19:11:07,095 :: INFO :: Update
2020-02-18 19:11:07,097 :: INFO :: total_timesteps=528
2020-02-18 19:11:07,099 :: INFO :: FPS=134
2020-02-18 19:11:07,101 :: INFO :: Mean rewards=11.0
2020-02-18 19:11:07,105 :: INFO :: Mean episode length=11.0
2020-02-18 19:11:07,108 :: INFO :: Time elapsed=0:00:03.917177
2020-02-18 19:11:07,110 :: INFO :: ETA=0:00:03.522388
2020-02-18 19:11:07,221 :: INFO :: Update
2020-02-18 19:11:07,223 :: INFO :: total_timesteps=541
2020-02-18 19:11:07,225 :: INFO :: FPS=133
2020-02-18 19:11:07,229 :: INFO :: Mean rewards=13.0
2020-02-18 19:11:07,231 :: INFO :: Mean episode length=13.0
2020-02-18 19:11:07,233 :: INFO :: Time elapsed=0:00:04.042963
2020-02-18 19:11:07,234 :: INFO :: ETA=0:00:03.451128
2020-02-18 19:11:07,347 :: INFO :: Update
2020-02-18 19:11:07,348 :: INFO :: total_timesteps=555
2020-02-18 19:11:07,351 :: INFO :: FPS=133
2020-02-18 19:11:07,355 :: INFO :: Mean rewards=14.0
2020-02-18 19:11:07,358 :: INFO :: Mean episode length=14.0
2020-02-18 19:11:07,361 :: INFO :: Time elapsed=0:00:04.169453
2020-02-18 19:11:07,363 :: INFO :: ETA=0:00:03.345865
2020-02-18 19:11:07,474 :: INFO :: Update
2020-02-18 19:11:07,477 :: INFO :: total_timesteps=568
2020-02-18 19:11:07,480 :: INFO :: FPS=132
2020-02-18 19:11:07,482 :: INFO :: Mean rewards=13.0
2020-02-18 19:11:07,484 :: INFO :: Mean episode length=13.0
2020-02-18 19:11:07,485 :: INFO :: Time elapsed=0:00:04.295915
2020-02-18 19:11:07,490 :: INFO :: ETA=0:00:03.272727
2020-02-18 19:11:07,683 :: INFO :: Update
2020-02-18 19:11:07,685 :: INFO :: total_timesteps=593
2020-02-18 19:11:07,688 :: INFO :: FPS=131
2020-02-18 19:11:07,692 :: INFO :: Mean rewards=25.0
2020-02-18 19:11:07,697 :: INFO :: Mean episode length=25.0
2020-02-18 19:11:07,698 :: INFO :: Time elapsed=0:00:04.505574
2020-02-18 19:11:07,699 :: INFO :: ETA=0:00:03.106870
2020-02-18 19:11:07,990 :: INFO :: Update
2020-02-18 19:11:07,991 :: INFO :: total_timesteps=636
2020-02-18 19:11:07,994 :: INFO :: FPS=132
2020-02-18 19:11:07,996 :: INFO :: Mean rewards=43.0
2020-02-18 19:11:07,998 :: INFO :: Mean episode length=43.0
2020-02-18 19:11:08,000 :: INFO :: Time elapsed=0:00:04.812460
2020-02-18 19:11:08,001 :: INFO :: ETA=0:00:02.757576
2020-02-18 19:11:08,137 :: INFO :: Update
2020-02-18 19:11:08,139 :: INFO :: total_timesteps=654
2020-02-18 19:11:08,141 :: INFO :: FPS=131
2020-02-18 19:11:08,143 :: INFO :: Mean rewards=18.0
2020-02-18 19:11:08,146 :: INFO :: Mean episode length=18.0
2020-02-18 19:11:08,147 :: INFO :: Time elapsed=0:00:04.959095
2020-02-18 19:11:08,148 :: INFO :: ETA=0:00:02.641221
2020-02-18 19:11:08,391 :: INFO :: Update
2020-02-18 19:11:08,392 :: INFO :: total_timesteps=685
2020-02-18 19:11:08,395 :: INFO :: FPS=131
2020-02-18 19:11:08,397 :: INFO :: Mean rewards=31.0
2020-02-18 19:11:08,398 :: INFO :: Mean episode length=31.0
2020-02-18 19:11:08,400 :: INFO :: Time elapsed=0:00:05.212690
2020-02-18 19:11:08,401 :: INFO :: ETA=0:00:02.404580
2020-02-18 19:11:08,711 :: INFO :: Update
2020-02-18 19:11:08,713 :: INFO :: total_timesteps=725
2020-02-18 19:11:08,715 :: INFO :: FPS=131
2020-02-18 19:11:08,717 :: INFO :: Mean rewards=40.0
2020-02-18 19:11:08,719 :: INFO :: Mean episode length=40.0
2020-02-18 19:11:08,720 :: INFO :: Time elapsed=0:00:05.533488
2020-02-18 19:11:08,721 :: INFO :: ETA=0:00:02.099237
2020-02-18 19:11:09,258 :: INFO :: Update
2020-02-18 19:11:09,259 :: INFO :: total_timesteps=802
2020-02-18 19:11:09,263 :: INFO :: FPS=131
2020-02-18 19:11:09,266 :: INFO :: Mean rewards=77.0
2020-02-18 19:11:09,270 :: INFO :: Mean episode length=77.0
2020-02-18 19:11:09,272 :: INFO :: Time elapsed=0:00:06.080602
2020-02-18 19:11:09,273 :: INFO :: ETA=0:00:01.511450
2020-02-18 19:11:09,509 :: INFO :: Update
2020-02-18 19:11:09,511 :: INFO :: total_timesteps=838
2020-02-18 19:11:09,513 :: INFO :: FPS=132
2020-02-18 19:11:09,515 :: INFO :: Mean rewards=36.0
2020-02-18 19:11:09,517 :: INFO :: Mean episode length=36.0
2020-02-18 19:11:09,519 :: INFO :: Time elapsed=0:00:06.331222
2020-02-18 19:11:09,520 :: INFO :: ETA=0:00:01.227273
2020-02-18 19:11:09,634 :: INFO :: Update
2020-02-18 19:11:09,635 :: INFO :: total_timesteps=855
2020-02-18 19:11:09,637 :: INFO :: FPS=132
2020-02-18 19:11:09,639 :: INFO :: Mean rewards=17.0
2020-02-18 19:11:09,641 :: INFO :: Mean episode length=17.0
2020-02-18 19:11:09,642 :: INFO :: Time elapsed=0:00:06.456344
2020-02-18 19:11:09,643 :: INFO :: ETA=0:00:01.098485
2020-02-18 19:11:09,772 :: INFO :: Update
2020-02-18 19:11:09,773 :: INFO :: total_timesteps=875
2020-02-18 19:11:09,776 :: INFO :: FPS=132
2020-02-18 19:11:09,777 :: INFO :: Mean rewards=20.0
2020-02-18 19:11:09,779 :: INFO :: Mean episode length=20.0
2020-02-18 19:11:09,780 :: INFO :: Time elapsed=0:00:06.594426
2020-02-18 19:11:09,781 :: INFO :: ETA=0:00:00.946970
2020-02-18 19:11:09,890 :: INFO :: Update
2020-02-18 19:11:09,891 :: INFO :: total_timesteps=892
2020-02-18 19:11:09,893 :: INFO :: FPS=132
2020-02-18 19:11:09,894 :: INFO :: Mean rewards=17.0
2020-02-18 19:11:09,895 :: INFO :: Mean episode length=17.0
2020-02-18 19:11:09,896 :: INFO :: Time elapsed=0:00:06.712197
2020-02-18 19:11:09,897 :: INFO :: ETA=0:00:00.818182
2020-02-18 19:11:10,037 :: INFO :: Update
2020-02-18 19:11:10,038 :: INFO :: total_timesteps=914
2020-02-18 19:11:10,040 :: INFO :: FPS=133
2020-02-18 19:11:10,042 :: INFO :: Mean rewards=22.0
2020-02-18 19:11:10,043 :: INFO :: Mean episode length=22.0
2020-02-18 19:11:10,044 :: INFO :: Time elapsed=0:00:06.859445
2020-02-18 19:11:10,045 :: INFO :: ETA=0:00:00.646617
2020-02-18 19:11:10,467 :: INFO :: Update
2020-02-18 19:11:10,469 :: INFO :: total_timesteps=979
2020-02-18 19:11:10,471 :: INFO :: FPS=134
2020-02-18 19:11:10,473 :: INFO :: Mean rewards=65.0
2020-02-18 19:11:10,476 :: INFO :: Mean episode length=65.0
2020-02-18 19:11:10,480 :: INFO :: Time elapsed=0:00:07.289032
2020-02-18 19:11:10,480 :: INFO :: ETA=0:00:00.156716
2020-02-18 19:11:10,962 :: INFO :: Update
2020-02-18 19:11:10,963 :: INFO :: total_timesteps=1056
2020-02-18 19:11:10,965 :: INFO :: FPS=135
2020-02-18 19:11:10,967 :: INFO :: Mean rewards=77.0
2020-02-18 19:11:10,968 :: INFO :: Mean episode length=77.0
2020-02-18 19:11:10,970 :: INFO :: Time elapsed=0:00:07.784500
2020-02-18 19:11:10,971 :: INFO :: ETA=-1 day, 23:59:59.585185
